0 info it worked if it ends with ok
1 verbose cli [ '/usr/local/bin/node', '/usr/local/bin/npm', 'publish' ]
2 info using npm@3.3.3
3 info using node@v4.1.0
4 verbose publish [ '.' ]
5 silly cache add args [ '.', null ]
6 verbose cache add spec .
7 silly cache add parsed spec Result {
7 silly cache add   raw: '.',
7 silly cache add   scope: null,
7 silly cache add   name: null,
7 silly cache add   rawSpec: '.',
7 silly cache add   spec: '/Users/marcin/Desktop/myGitHub/react-modal-with-keys-action',
7 silly cache add   type: 'directory' }
8 verbose addLocalDirectory /Users/marcin/.npm/react-modal-with-keys-action/1.0.2/package.tgz not in flight; packing
9 info lifecycle react-modal-with-keys-action@1.0.2~prepublish: react-modal-with-keys-action@1.0.2
10 silly lifecycle react-modal-with-keys-action@1.0.2~prepublish: no script for prepublish, continuing
11 verbose tar pack [ '/Users/marcin/.npm/react-modal-with-keys-action/1.0.2/package.tgz',
11 verbose tar pack   '/Users/marcin/Desktop/myGitHub/react-modal-with-keys-action' ]
12 verbose tarball /Users/marcin/.npm/react-modal-with-keys-action/1.0.2/package.tgz
13 verbose folder /Users/marcin/Desktop/myGitHub/react-modal-with-keys-action
14 verbose addLocalTarball adding from inside cache /Users/marcin/.npm/react-modal-with-keys-action/1.0.2/package.tgz
15 silly cache afterAdd react-modal-with-keys-action@1.0.2
16 verbose afterAdd /Users/marcin/.npm/react-modal-with-keys-action/1.0.2/package/package.json not in flight; writing
17 verbose afterAdd /Users/marcin/.npm/react-modal-with-keys-action/1.0.2/package/package.json written
18 silly publish { name: 'react-modal-with-keys-action',
18 silly publish   version: '1.0.2',
18 silly publish   description: 'React modal component with keydown event Listener. Close modal on \'Esc\', perform action on \'Enter\' etc.',
18 silly publish   main: 'src/modal.react.js',
18 silly publish   scripts: { test: 'echo "Error: no test specified" && exit 1' },
18 silly publish   repository:
18 silly publish    { type: 'git',
18 silly publish      url: 'git+https://github.com/cinek260/react-modal-with-keys-action.git' },
18 silly publish   keywords: [ 'react', 'modal', 'component' ],
18 silly publish   author: { name: 'Marcin Kadłubowski', email: 'cinek260@gmail.com' },
18 silly publish   license: 'MIT',
18 silly publish   bugs: { url: 'https://github.com/cinek260/react-modal-with-keys-action/issues' },
18 silly publish   homepage: 'https://github.com/cinek260/react-modal-with-keys-action#readme',
18 silly publish   dependencies: { react: '^0.14.6', 'react-pure-render': '^1.0.2' },
18 silly publish   readme: '# react-modal-with-keys-action\nReact modal component with keydown event Listener. Close modal on \'Esc\', action on \'Enter\' etc.\n',
18 silly publish   readmeFilename: 'README.md',
18 silly publish   gitHead: 'f0625d4093015c744c029fffad57b065a5125d45',
18 silly publish   _id: 'react-modal-with-keys-action@1.0.2',
18 silly publish   _shasum: 'dff7dbbaf939ff381ebceeeb53f375bdad55a414',
18 silly publish   _from: '.' }
19 verbose getPublishConfig undefined
20 silly mapToRegistry name react-modal-with-keys-action
21 silly mapToRegistry using default registry
22 silly mapToRegistry registry https://registry.npmjs.org/
23 silly mapToRegistry uri https://registry.npmjs.org/react-modal-with-keys-action
24 verbose publish registryBase https://registry.npmjs.org/
25 silly publish uploading /Users/marcin/.npm/react-modal-with-keys-action/1.0.2/package.tgz
26 verbose request uri https://registry.npmjs.org/react-modal-with-keys-action
27 verbose request sending authorization for write operation
28 info attempt registry request try #1 at 02:40:13
29 verbose request using bearer token for auth
30 verbose request id f1826940ea97925a
31 http request PUT https://registry.npmjs.org/react-modal-with-keys-action
32 http 403 https://registry.npmjs.org/react-modal-with-keys-action
33 verbose headers { 'content-type': 'application/json',
33 verbose headers   'cache-control': 'max-age=300',
33 verbose headers   'content-length': '95',
33 verbose headers   'accept-ranges': 'bytes',
33 verbose headers   date: 'Sun, 17 Jan 2016 01:40:15 GMT',
33 verbose headers   via: '1.1 varnish',
33 verbose headers   connection: 'keep-alive',
33 verbose headers   'x-served-by': 'cache-lcy1129-LCY',
33 verbose headers   'x-cache': 'MISS',
33 verbose headers   'x-cache-hits': '0',
33 verbose headers   'x-timer': 'S1452994814.313115,VS0,VE1410' }
34 verbose request invalidating /Users/marcin/.npm/registry.npmjs.org/react-modal-with-keys-action on PUT
35 error publish Failed PUT 403
36 verbose stack Error: "You cannot publish over the previously published version 1.0.2." : react-modal-with-keys-action
36 verbose stack     at makeError (/usr/local/lib/node_modules/npm/node_modules/npm-registry-client/lib/request.js:263:12)
36 verbose stack     at CachingRegistryClient.<anonymous> (/usr/local/lib/node_modules/npm/node_modules/npm-registry-client/lib/request.js:251:14)
36 verbose stack     at Request._callback (/usr/local/lib/node_modules/npm/node_modules/npm-registry-client/lib/request.js:171:14)
36 verbose stack     at Request.self.callback (/usr/local/lib/node_modules/npm/node_modules/request/request.js:198:22)
36 verbose stack     at emitTwo (events.js:87:13)
36 verbose stack     at Request.emit (events.js:172:7)
36 verbose stack     at Request.<anonymous> (/usr/local/lib/node_modules/npm/node_modules/request/request.js:1073:14)
36 verbose stack     at emitOne (events.js:82:20)
36 verbose stack     at Request.emit (events.js:169:7)
36 verbose stack     at IncomingMessage.<anonymous> (/usr/local/lib/node_modules/npm/node_modules/request/request.js:1019:12)
37 verbose statusCode 403
38 verbose pkgid react-modal-with-keys-action
39 verbose cwd /Users/marcin/Desktop/myGitHub/react-modal-with-keys-action
40 error Darwin 15.2.0
41 error argv "/usr/local/bin/node" "/usr/local/bin/npm" "publish"
42 error node v4.1.0
43 error npm  v3.3.3
44 error code E403
45 error "You cannot publish over the previously published version 1.0.2." : react-modal-with-keys-action
46 error If you need help, you may report this error at:
46 error     <https://github.com/npm/npm/issues>
47 verbose exit [ 1, true ]
